0 info it worked if it ends with ok
1 verbose cli [ '/usr/local/bin/node',
1 verbose cli   '/usr/local/bin/npm',
1 verbose cli   'install',
1 verbose cli   '--save',
1 verbose cli   'dev',
1 verbose cli   'gulp-imagemin' ]
2 info using npm@3.10.8
3 info using node@v7.0.0
4 silly loadCurrentTree Starting
5 silly install loadCurrentTree
6 silly install readLocalPackageData
7 silly fetchPackageMetaData dev
8 silly fetchPackageMetaData gulp-imagemin
9 silly fetchNamedPackageData dev
10 silly mapToRegistry name dev
11 silly mapToRegistry using default registry
12 silly mapToRegistry registry https://registry.npmjs.org/
13 silly mapToRegistry data Result {
13 silly mapToRegistry   raw: 'dev',
13 silly mapToRegistry   scope: null,
13 silly mapToRegistry   escapedName: 'dev',
13 silly mapToRegistry   name: 'dev',
13 silly mapToRegistry   rawSpec: '',
13 silly mapToRegistry   spec: 'latest',
13 silly mapToRegistry   type: 'tag' }
14 silly mapToRegistry uri https://registry.npmjs.org/dev
15 silly fetchNamedPackageData gulp-imagemin
16 silly mapToRegistry name gulp-imagemin
17 silly mapToRegistry using default registry
18 silly mapToRegistry registry https://registry.npmjs.org/
19 silly mapToRegistry data Result {
19 silly mapToRegistry   raw: 'gulp-imagemin',
19 silly mapToRegistry   scope: null,
19 silly mapToRegistry   escapedName: 'gulp-imagemin',
19 silly mapToRegistry   name: 'gulp-imagemin',
19 silly mapToRegistry   rawSpec: '',
19 silly mapToRegistry   spec: 'latest',
19 silly mapToRegistry   type: 'tag' }
20 silly mapToRegistry uri https://registry.npmjs.org/gulp-imagemin
21 verbose request uri https://registry.npmjs.org/dev
22 verbose request no auth needed
23 info attempt registry request try #1 at 3:40:35 PM
24 verbose request id e8eff436286dbec2
25 http request GET https://registry.npmjs.org/dev
26 verbose request uri https://registry.npmjs.org/gulp-imagemin
27 verbose request no auth needed
28 info attempt registry request try #1 at 3:40:35 PM
29 verbose etag "DII3BD40YOXJNBMI2RNAMW3LU"
30 http request GET https://registry.npmjs.org/gulp-imagemin
31 http 200 https://registry.npmjs.org/gulp-imagemin
32 verbose headers { server: 'nginx/1.10.1',
32 verbose headers   'content-type': 'application/json',
32 verbose headers   'last-modified': 'Fri, 09 Dec 2016 02:45:03 GMT',
32 verbose headers   etag: 'W/"584a1aaf-c364"',
32 verbose headers   'content-encoding': 'gzip',
32 verbose headers   'cache-control': 'max-age=300',
32 verbose headers   'content-length': '6973',
32 verbose headers   'accept-ranges': 'bytes',
32 verbose headers   date: 'Tue, 13 Dec 2016 20:40:35 GMT',
32 verbose headers   via: '1.1 varnish',
32 verbose headers   age: '175',
32 verbose headers   connection: 'keep-alive',
32 verbose headers   'x-served-by': 'cache-ord1739-ORD',
32 verbose headers   'x-cache': 'HIT',
32 verbose headers   'x-cache-hits': '1',
32 verbose headers   'x-timer': 'S1481661635.522918,VS0,VE0',
32 verbose headers   vary: 'Accept-Encoding' }
33 silly get cb [ 200,
33 silly get   { server: 'nginx/1.10.1',
33 silly get     'content-type': 'application/json',
33 silly get     'last-modified': 'Fri, 09 Dec 2016 02:45:03 GMT',
33 silly get     etag: 'W/"584a1aaf-c364"',
33 silly get     'content-encoding': 'gzip',
33 silly get     'cache-control': 'max-age=300',
33 silly get     'content-length': '6973',
33 silly get     'accept-ranges': 'bytes',
33 silly get     date: 'Tue, 13 Dec 2016 20:40:35 GMT',
33 silly get     via: '1.1 varnish',
33 silly get     age: '175',
33 silly get     connection: 'keep-alive',
33 silly get     'x-served-by': 'cache-ord1739-ORD',
33 silly get     'x-cache': 'HIT',
33 silly get     'x-cache-hits': '1',
33 silly get     'x-timer': 'S1481661635.522918,VS0,VE0',
33 silly get     vary: 'Accept-Encoding' } ]
34 verbose get saving gulp-imagemin to /Users/jazibnasim/.npm/registry.npmjs.org/gulp-imagemin/.cache.json
35 verbose correctMkdir /Users/jazibnasim/.npm correctMkdir not in flight; initializing
36 http 200 https://registry.npmjs.org/dev
37 verbose headers { server: 'nginx/1.10.1',
37 verbose headers   'content-type': 'application/json',
37 verbose headers   'last-modified': 'Mon, 17 Oct 2016 16:12:14 GMT',
37 verbose headers   etag: 'W/"5804f85e-22be"',
37 verbose headers   'content-encoding': 'gzip',
37 verbose headers   'cache-control': 'max-age=300',
37 verbose headers   'content-length': '1252',
37 verbose headers   'accept-ranges': 'bytes',
37 verbose headers   date: 'Tue, 13 Dec 2016 20:40:35 GMT',
37 verbose headers   via: '1.1 varnish',
37 verbose headers   age: '0',
37 verbose headers   connection: 'keep-alive',
37 verbose headers   'x-served-by': 'cache-ord1735-ORD',
37 verbose headers   'x-cache': 'MISS',
37 verbose headers   'x-cache-hits': '0',
37 verbose headers   'x-timer': 'S1481661635.525053,VS0,VE33',
37 verbose headers   vary: 'Accept-Encoding' }
38 silly get cb [ 200,
38 silly get   { server: 'nginx/1.10.1',
38 silly get     'content-type': 'application/json',
38 silly get     'last-modified': 'Mon, 17 Oct 2016 16:12:14 GMT',
38 silly get     etag: 'W/"5804f85e-22be"',
38 silly get     'content-encoding': 'gzip',
38 silly get     'cache-control': 'max-age=300',
38 silly get     'content-length': '1252',
38 silly get     'accept-ranges': 'bytes',
38 silly get     date: 'Tue, 13 Dec 2016 20:40:35 GMT',
38 silly get     via: '1.1 varnish',
38 silly get     age: '0',
38 silly get     connection: 'keep-alive',
38 silly get     'x-served-by': 'cache-ord1735-ORD',
38 silly get     'x-cache': 'MISS',
38 silly get     'x-cache-hits': '0',
38 silly get     'x-timer': 'S1481661635.525053,VS0,VE33',
38 silly get     vary: 'Accept-Encoding' } ]
39 verbose get saving dev to /Users/jazibnasim/.npm/registry.npmjs.org/dev/.cache.json
40 verbose correctMkdir /Users/jazibnasim/.npm correctMkdir not in flight; initializing
41 silly install normalizeTree
42 silly loadCurrentTree Finishing
43 silly loadIdealTree Starting
44 silly install loadIdealTree
45 silly cloneCurrentTree Starting
46 silly install cloneCurrentTreeToIdealTree
47 silly cloneCurrentTree Finishing
48 silly loadShrinkwrap Starting
49 silly install loadShrinkwrap
50 silly loadShrinkwrap Finishing
51 silly loadAllDepsIntoIdealTree Starting
52 silly install loadAllDepsIntoIdealTree
53 silly resolveWithNewModule gulp-imagemin@3.1.1 checking installable status
54 silly cache add args [ 'gulp-imagemin', null ]
55 verbose cache add spec gulp-imagemin
56 silly resolveWithNewModule dev@0.1.3 checking installable status
57 silly cache add args [ 'dev', null ]
58 verbose cache add spec dev
59 silly cache add parsed spec Result {
59 silly cache add   raw: 'gulp-imagemin',
59 silly cache add   scope: null,
59 silly cache add   escapedName: 'gulp-imagemin',
59 silly cache add   name: 'gulp-imagemin',
59 silly cache add   rawSpec: '',
59 silly cache add   spec: 'latest',
59 silly cache add   type: 'tag' }
60 silly addNamed gulp-imagemin@latest
61 verbose addNamed "latest" is being treated as a dist-tag for gulp-imagemin
62 info addNameTag [ 'gulp-imagemin', 'latest' ]
63 silly mapToRegistry name gulp-imagemin
64 silly mapToRegistry using default registry
65 silly mapToRegistry registry https://registry.npmjs.org/
66 silly mapToRegistry data Result {
66 silly mapToRegistry   raw: 'gulp-imagemin',
66 silly mapToRegistry   scope: null,
66 silly mapToRegistry   escapedName: 'gulp-imagemin',
66 silly mapToRegistry   name: 'gulp-imagemin',
66 silly mapToRegistry   rawSpec: '',
66 silly mapToRegistry   spec: 'latest',
66 silly mapToRegistry   type: 'tag' }
67 silly mapToRegistry uri https://registry.npmjs.org/gulp-imagemin
68 verbose addNameTag registry:https://registry.npmjs.org/gulp-imagemin not in flight; fetching
69 silly cache add parsed spec Result {
69 silly cache add   raw: 'dev',
69 silly cache add   scope: null,
69 silly cache add   escapedName: 'dev',
69 silly cache add   name: 'dev',
69 silly cache add   rawSpec: '',
69 silly cache add   spec: 'latest',
69 silly cache add   type: 'tag' }
70 silly addNamed dev@latest
71 verbose addNamed "latest" is being treated as a dist-tag for dev
72 info addNameTag [ 'dev', 'latest' ]
73 silly mapToRegistry name dev
74 silly mapToRegistry using default registry
75 silly mapToRegistry registry https://registry.npmjs.org/
76 silly mapToRegistry data Result {
76 silly mapToRegistry   raw: 'dev',
76 silly mapToRegistry   scope: null,
76 silly mapToRegistry   escapedName: 'dev',
76 silly mapToRegistry   name: 'dev',
76 silly mapToRegistry   rawSpec: '',
76 silly mapToRegistry   spec: 'latest',
76 silly mapToRegistry   type: 'tag' }
77 silly mapToRegistry uri https://registry.npmjs.org/dev
78 verbose addNameTag registry:https://registry.npmjs.org/dev not in flight; fetching
79 verbose get https://registry.npmjs.org/gulp-imagemin not expired, no request
80 silly addNameTag next cb for gulp-imagemin with tag latest
81 silly addNamed gulp-imagemin@3.1.1
82 verbose addNamed "3.1.1" is a plain semver version for gulp-imagemin
83 verbose get https://registry.npmjs.org/dev not expired, no request
84 silly addNameTag next cb for dev with tag latest
85 silly addNamed dev@0.1.3
86 verbose addNamed "0.1.3" is a plain semver version for dev
87 silly mapToRegistry name dev
88 silly mapToRegistry using default registry
89 silly mapToRegistry registry https://registry.npmjs.org/
90 silly mapToRegistry data Result {
90 silly mapToRegistry   raw: 'dev',
90 silly mapToRegistry   scope: null,
90 silly mapToRegistry   escapedName: 'dev',
90 silly mapToRegistry   name: 'dev',
90 silly mapToRegistry   rawSpec: '',
90 silly mapToRegistry   spec: 'latest',
90 silly mapToRegistry   type: 'tag' }
91 silly mapToRegistry uri https://registry.npmjs.org/dev
92 verbose addRemoteTarball https://registry.npmjs.org/dev/-/dev-0.1.3.tgz not in flight; adding
93 verbose addRemoteTarball [ 'https://registry.npmjs.org/dev/-/dev-0.1.3.tgz',
93 verbose addRemoteTarball   '89fdc08705e0e7eaef92d012e26751e4d744322a' ]
94 silly cache afterAdd gulp-imagemin@3.1.1
95 verbose afterAdd /Users/jazibnasim/.npm/gulp-imagemin/3.1.1/package/package.json not in flight; writing
96 verbose correctMkdir /Users/jazibnasim/.npm correctMkdir not in flight; initializing
97 info retry fetch attempt 1 at 3:40:35 PM
98 info attempt registry request try #1 at 3:40:35 PM
99 http fetch GET https://registry.npmjs.org/dev/-/dev-0.1.3.tgz
100 verbose afterAdd /Users/jazibnasim/.npm/gulp-imagemin/3.1.1/package/package.json written
101 http fetch 200 https://registry.npmjs.org/dev/-/dev-0.1.3.tgz
102 silly fetchAndShaCheck shasum 89fdc08705e0e7eaef92d012e26751e4d744322a
103 verbose addTmpTarball /var/folders/02/4bp9rp396sn7c59yqlhsyly00000gn/T/npm-16690-335222d2/registry.npmjs.org/dev/-/dev-0.1.3.tgz not in flight; adding
104 verbose addTmpTarball already have metadata; skipping unpack for dev@0.1.3
105 verbose correctMkdir /Users/jazibnasim/.npm correctMkdir not in flight; initializing
106 silly cache afterAdd dev@0.1.3
107 verbose afterAdd /Users/jazibnasim/.npm/dev/0.1.3/package/package.json not in flight; writing
108 verbose correctMkdir /Users/jazibnasim/.npm correctMkdir not in flight; initializing
109 verbose afterAdd /Users/jazibnasim/.npm/dev/0.1.3/package/package.json written
110 silly fetchNamedPackageData inotify
111 silly mapToRegistry name inotify
112 silly mapToRegistry using default registry
113 silly mapToRegistry registry https://registry.npmjs.org/
114 silly mapToRegistry data Result {
114 silly mapToRegistry   raw: 'inotify',
114 silly mapToRegistry   scope: null,
114 silly mapToRegistry   escapedName: 'inotify',
114 silly mapToRegistry   name: 'inotify',
114 silly mapToRegistry   rawSpec: '',
114 silly mapToRegistry   spec: 'latest',
114 silly mapToRegistry   type: 'tag' }
115 silly mapToRegistry uri https://registry.npmjs.org/inotify
116 verbose request uri https://registry.npmjs.org/inotify
117 verbose request no auth needed
118 info attempt registry request try #1 at 3:40:35 PM
119 http request GET https://registry.npmjs.org/inotify
120 http 200 https://registry.npmjs.org/inotify
121 verbose headers { server: 'nginx/1.10.1',
121 verbose headers   'content-type': 'application/json',
121 verbose headers   'last-modified': 'Thu, 05 May 2016 10:35:46 GMT',
121 verbose headers   etag: 'W/"572b2202-71ee"',
121 verbose headers   'content-encoding': 'gzip',
121 verbose headers   'cache-control': 'max-age=300',
121 verbose headers   'content-length': '5762',
121 verbose headers   'accept-ranges': 'bytes',
121 verbose headers   date: 'Tue, 13 Dec 2016 20:40:36 GMT',
121 verbose headers   via: '1.1 varnish',
121 verbose headers   age: '0',
121 verbose headers   connection: 'keep-alive',
121 verbose headers   'x-served-by': 'cache-ord1735-ORD',
121 verbose headers   'x-cache': 'MISS',
121 verbose headers   'x-cache-hits': '0',
121 verbose headers   'x-timer': 'S1481661635.964931,VS0,VE58',
121 verbose headers   vary: 'Accept-Encoding' }
122 silly get cb [ 200,
122 silly get   { server: 'nginx/1.10.1',
122 silly get     'content-type': 'application/json',
122 silly get     'last-modified': 'Thu, 05 May 2016 10:35:46 GMT',
122 silly get     etag: 'W/"572b2202-71ee"',
122 silly get     'content-encoding': 'gzip',
122 silly get     'cache-control': 'max-age=300',
122 silly get     'content-length': '5762',
122 silly get     'accept-ranges': 'bytes',
122 silly get     date: 'Tue, 13 Dec 2016 20:40:36 GMT',
122 silly get     via: '1.1 varnish',
122 silly get     age: '0',
122 silly get     connection: 'keep-alive',
122 silly get     'x-served-by': 'cache-ord1735-ORD',
122 silly get     'x-cache': 'MISS',
122 silly get     'x-cache-hits': '0',
122 silly get     'x-timer': 'S1481661635.964931,VS0,VE58',
122 silly get     vary: 'Accept-Encoding' } ]
123 verbose get saving inotify to /Users/jazibnasim/.npm/registry.npmjs.org/inotify/.cache.json
124 verbose correctMkdir /Users/jazibnasim/.npm correctMkdir not in flight; initializing
125 silly resolveWithNewModule inotify@1.4.1 checking installable status
126 silly rollbackFailedOptional Starting
127 silly rollbackFailedOptional Finishing
128 silly runTopLevelLifecycles Finishing
129 silly install printInstalled
130 verbose stack Error: Unsupported platform for inotify@1.4.1: wanted {"name":"inotify","version":"1.4.1","author":{"name":"Camilo Aguilar","email":"camilo.aguilar@gmail.com"},"email":"camilo.aguilar@gmail.com","keywords":["inotify","watch","monitor","watch files","watch directories"],"license":"MIT","description":"inotify bindings for v8 javascript engine","repository":{"type":"git","url":"git+ssh://git@github.com/c4milo/node-inotify.git"},"os":["linux"],"engines":{"node":">=0.8"},"main":"inotify","dependencies":{"bindings":"^1.2.1","nan":"^2.3.3"},"scripts":{"test":"node-gyp configure build","install":"node-gyp rebuild"},"gypfile":true,"contributors":[{"name":"Adrian Estrada","email":"edsadr@gmail.com"},{"name":"Alexander Makarenko","email":"estliberitas@gmail.com"},{"name":"Brian Ingalls","email":"bingalls@compete.com"},{"name":"Brian White","email":"mscdex@mscdex.net"},{"name":"Camilo Aguilar","email":"camilo.aguilar@gmail.com"},{"name":"Dan VerWeire","email":"dverweire@gmail.com"},{"name":"FrozenCow","email":"frozencow@gmail.com"},{"name":"Michael Boe","email":"mschuylerb@gmail.com"},{"name":"Yannick Croissant","email":"k1der.country@free.fr"},{"name":"ikokostya","email":"ikokostya@gmail.com"}],"gitHead":"c1416dfada3ca4f3fb40e65eededc52461822ec5","bugs":{"url":"https://github.com/c4milo/node-inotify/issues"},"homepage":"https://github.com/c4milo/node-inotify#readme","_id":"inotify@1.4.1","_shasum":"8abdeb7ee9cbc291542a252df00d848b2a8f9287","_from":"inotify@>= 0.1.6","_npmVersion":"3.8.6","_nodeVersion":"5.11.0","_npmUser":{"name":"c4milo","email":"camilo.aguilar@gmail.com"},"maintainers":[{"name":"camilo","email":"camilo@cloudescape.com"},{"name":"c4milo","email":"camilo.aguilar@gmail.com"}],"dist":{"shasum":"8abdeb7ee9cbc291542a252df00d848b2a8f9287","tarball":"https://registry.npmjs.org/inotify/-/inotify-1.4.1.tgz"},"_npmOperationalInternal":{"host":"packages-16-east.internal.npmjs.com","tmp":"tmp/inotify-1.4.1.tgz_1462444544613_0.7660284182056785"},"directories":{},"_resolved":"https://registry.npmjs.org/inotify/-/inotify-1.4.1.tgz","_requested":{"raw":"inotify@>= 0.1.6","scope":null,"escapedName":"inotify","name":"inotify","rawSpec":">= 0.1.6","spec":">=0.1.6","type":"range"},"_spec":"inotify@>= 0.1.6","_where":"/Users/jazibnasim/Documents/final-project/node_modules/dev","_args":[[{"raw":"inotify@>= 0.1.6","scope":null,"escapedName":"inotify","name":"inotify","rawSpec":">= 0.1.6","spec":">=0.1.6","type":"range"},"/Users/jazibnasim/Documents/final-project/node_modules/dev"]],"readme":"ERROR: No README data found!"} (current: {"os":"darwin","cpu":"x64"})
130 verbose stack     at checkPlatform (/usr/local/lib/node_modules/npm/node_modules/npm-install-checks/index.js:45:14)
130 verbose stack     at thenWarnEngineIssues (/usr/local/lib/node_modules/npm/lib/install/validate-args.js:41:5)
130 verbose stack     at /usr/local/lib/node_modules/npm/node_modules/iferr/index.js:13:50
130 verbose stack     at checkEngine (/usr/local/lib/node_modules/npm/node_modules/npm-install-checks/index.js:24:10)
130 verbose stack     at module.exports.isInstallable (/usr/local/lib/node_modules/npm/lib/install/validate-args.js:38:3)
130 verbose stack     at resolveWithNewModule (/usr/local/lib/node_modules/npm/lib/install/deps.js:494:10)
130 verbose stack     at /usr/local/lib/node_modules/npm/lib/install/deps.js:437:9
130 verbose stack     at /usr/local/lib/node_modules/npm/node_modules/iferr/index.js:13:50
130 verbose stack     at /usr/local/lib/node_modules/npm/lib/fetch-package-metadata.js:37:12
130 verbose stack     at addRequestedAndFinish (/usr/local/lib/node_modules/npm/lib/fetch-package-metadata.js:67:5)
131 verbose pkgid inotify@1.4.1
132 verbose cwd /Users/jazibnasim/Documents/final-project
133 error Darwin 16.3.0
134 error argv "/usr/local/bin/node" "/usr/local/bin/npm" "install" "--save" "dev" "gulp-imagemin"
135 error node v7.0.0
136 error npm  v3.10.8
137 error code EBADPLATFORM
138 error notsup Unsupported platform for inotify@1.4.1: wanted {"os":"linux","arch":"any"} (current: {"os":"darwin","arch":"x64"})
139 error notsup Valid OS:    linux
139 error notsup Valid Arch:  any
139 error notsup Actual OS:   darwin
139 error notsup Actual Arch: x64
140 verbose exit [ 1, true ]
